<?xml version="1.0" encoding="UTF-8"?>
<!-- Generated by org.testng.reporters.JUnitReportReporter -->
<testsuite skipped="0" hostname="ATMECSINLT-085" name="org.atmecs.utils.testbase.TestGrid" tests="1" failures="0" timestamp="2019-09-05T16:35:12 IST" time="0.004" errors="0">
  <testcase name="test" time="0.004" classname="org.atmecs.utils.testbase.TestGrid"/>
</testsuite> <!-- org.atmecs.utils.testbase.TestGrid -->
