<?xml version="1.0" encoding="UTF-8"?>
<!-- Generated by org.testng.reporters.JUnitReportReporter -->
<testsuite skipped="0" hostname="ATMECSINLT-085" name="org.atmecs.utils.flight_ticket.AppTest" tests="1" failures="0" timestamp="2019-09-06T17:55:25 IST" time="19.385" errors="0">
  <testcase name="flightticket" time="19.385" classname="org.atmecs.utils.flight_ticket.AppTest"/>
</testsuite> <!-- org.atmecs.utils.flight_ticket.AppTest -->
