<?xml version="1.0" encoding="UTF-8"?>
<!-- Generated by org.testng.reporters.JUnitReportReporter -->
<testsuite skipped="0" hostname="ATMECSINLT-085" name="org.atmecs.utils.roundtrip.AppTest" tests="2" failures="0" timestamp="2019-09-06T17:34:04 IST" time="19.894" errors="0">
  <testcase name="testApp" time="0.007" classname="org.atmecs.utils.roundtrip.AppTest"/>
  <testcase name="flightticket" time="19.887" classname="org.atmecs.utils.roundtrip.AppTest"/>
</testsuite> <!-- org.atmecs.utils.roundtrip.AppTest -->
