<?xml version="1.0" encoding="UTF-8"?>
<!-- Generated by org.testng.reporters.JUnitReportReporter -->
<testsuite skipped="0" hostname="ATMECSINLT-085" name="org.atmecs.utils.flight_ticket.Edit" tests="3" failures="0" timestamp="2019-09-06T20:14:28 IST" time="40.757" errors="0">
  <testcase name="flightticket" time="22.667" classname="org.atmecs.utils.flight_ticket.Edit"/>
  <testcase name="price" time="7.098" classname="org.atmecs.utils.flight_ticket.Edit"/>
  <testcase name="edit" time="10.992" classname="org.atmecs.utils.flight_ticket.Edit"/>
</testsuite> <!-- org.atmecs.utils.flight_ticket.Edit -->
