<?xml version="1.0" encoding="UTF-8"?>
<!-- Generated by org.testng.reporters.JUnitReportReporter -->
<testsuite skipped="0" hostname="ATMECSINLT-085" name="org.atmecs.utils.roundtrip.Edit" tests="4" failures="0" timestamp="2019-09-06T19:54:40 IST" time="43.525" errors="0">
  <testcase name="testApp" time="0.006" classname="org.atmecs.utils.roundtrip.Edit"/>
  <testcase name="flightticket" time="22.338" classname="org.atmecs.utils.roundtrip.Edit"/>
  <testcase name="price" time="8.889" classname="org.atmecs.utils.roundtrip.Edit"/>
  <testcase name="edit" time="12.292" classname="org.atmecs.utils.roundtrip.Edit"/>
</testsuite> <!-- org.atmecs.utils.roundtrip.Edit -->
